252862 674746 509
356096 294277 441
934285 289479 525
471371 326696 449
924195 566750 525
783339 457903 509
353343 846744 525
346633 136080 443
469956 413372 444
913615 401082 525
578659 857441 525
227668 980852 525
611239 505568 470
383098 580767 470
700160 54509 509
837158 621868 509
486730 766545 509
806345 155705 509
552633 961496 525
998219 314244 525
644594 480104 509
161819 790328 509
826250 75440 509
93017 982694 525
735898 192454 509
731641 887140 525
768866 273957 509
743882 770283 468
627530 500576 509
548542 332466 470
707975 571346 509
810238 293401 509
330601 43916 443
791262 200991 509
879723 955616 507
733372 59369 509
284432 222756 443
168396 815804 509
725380 596527 509
476403 380865 449
834116 399409 509
695900 898263 525
635352 700971 442
662268 673723 442
185428 577438 470
317374 780089 509
467652 592858 470
547980 595485 434
379485 77907 443
314075 535811 470
7268 7387 195
2343 8990 262
6922 8138 257
9379 8314 260
4354 5150 215
4526 285 238
1807 4987 238
9644 4113 262
404 7699 262
1212 4613 238
4131 6912 262
3537 9180 262
4822 9069 262
5275 2066 238
9580 9681 185
3246 4071 238
9836 6794 260
5525 9369 262
1445 5218 238
4767 3026 238
4854 6769 262
4759 8075 262
8441 3118 262
6065 7499 262
7162 7539 239
7584 8705 252
2981 2444 217
3269 9482 262
6717 4923 262
5538 6575 262
7881 508 262
7133 7886 239
1370 3648 217
2800 1507 209
2199 1288 180
45 4610 238
713 6512 262
4382 4052 215
8339 7061 252
6570 7516 257
3383 5196 238
14075 1692 276
775 14752 276
7245 10561 260
5733 3808 236
1738 10792 262
920 4123 238
7032 9772 260
9169 14817 276
4100 10661 262
1 1 1
10 1 20
1 10 20
