commit ff4324d038ade7cf256ea5a51a94619e6a5abb14
Author: tfsyed <tehreemsyed@Tehreems-MacBook-Pro.local>
Date:   Thu Feb 5 01:36:59 2015 -0600

    Slightly better coverage - 94%-> 96%

commit f6504e805b2b3a8bc516012cf43aa8a2d3ae03b0
Author: tfsyed <tehreemsyed@Tehreems-MacBook-Pro.local>
Date:   Wed Feb 4 23:11:51 2015 -0600

    closes #16.

commit 95b0d4ab9b61b39c08870cfb9cb3fcf90b537081
Author: tfsyed <tehreemsyed@Tehreems-MacBook-Pro.local>
Date:   Wed Feb 4 22:53:15 2015 -0600

    closed #18 . Faster algorithm by checking in the cache before cycle length computation. Also, breaks out of the necessary while loop in time

commit 77f03650a93393cb744b3b3e9e874b605ff76abb
Author: tfsyed <tehreemsyed@Tehreems-MacBook-Pro.local>
Date:   Wed Feb 4 22:51:48 2015 -0600

    closed #18. Faster algorithm by checking in the cache before cycle length computation. Also, breaks out of the necessary while loop in time

commit a7279e2a0deae9392945cef32f6caf9063014b5e
Author: tfsyed <tehreemsyed@Tehreems-MacBook-Pro.local>
Date:   Tue Feb 3 22:58:06 2015 -0600

     fixes #15. Lazy cache implemented and and the solution was accepted  by Sphere.

commit b0e994d8e5d1d396b5490a15cc04a3e7748d0626
Author: tfsyed <tehreemsyed@Tehreems-MacBook-Pro.local>
Date:   Mon Feb 2 22:37:56 2015 -0600

    created more than a 100 lines of acceptance tests

commit 2c8bc979c2cca1f6fae76ba5bdcd55df1fead54a
Author: tfsyed <tehreemsyed@wireless-10-147-42-99.public.utexas.edu>
Date:   Mon Feb 2 14:37:00 2015 -0600

    sphere accepted basic no cache implementation

commit 84119c529ab93dd7cfafb009554e059624c9435c
Author: tfsyed <tehreemsyed@Tehreems-MacBook-Pro.local>
Date:   Sun Feb 1 23:53:54 2015 -0600

    fixes # 11.Also fixes #12. No errors from sphere except runtime error.

commit 904613b28b018e57e2e0fc3931602fe99aa10ac0
Author: tfsyed <tehreemsyed@Tehreems-MacBook-Pro.local>
Date:   Sun Feb 1 23:52:56 2015 -0600

    fixes # 11.Also fixes #12. No errors from sphere except runtime error.

commit e0e9ac4506ee60e11dbd3328bc94951790d65a56
Author: tfsyed <tehreemsyed@Tehreems-MacBook-Pro.local>
Date:   Sun Feb 1 23:17:52 2015 -0600

    fixes #10. Basic implementation of collatz solution."
    git commit -m fixes

commit 2062bb93b8ffd3a977dbd1bc422636f90ed39514
Author: tfsyed <tehreemsyed@Tehreems-MacBook-Pro.local>
Date:   Sun Feb 1 15:27:51 2015 -0600

    fix #9. Added 3 tests per method.

commit 77d27f837a6151ea8d8065c248f324dfb6d6b59e
Author: tfsyed <tehreemsyed@Tehreems-MacBook-Pro-2.local>
Date:   Fri Jan 30 01:59:18 2015 -0600

    Acheived expected failures after unit test fixing

commit 16491308ab203be64120e089044227a90d6554a6
Author: tfsyed <tehreemsyed@Tehreems-MacBook-Pro-2.local>
Date:   Fri Jan 30 01:28:15 2015 -0600

    Achieved expected success.

commit 2d710c594eb0444d670470b5687e1f953ed703d5
Author: tfsyed <tehreemsyed@Tehreems-MacBook-Pro-2.local>
Date:   Fri Jan 30 00:21:11 2015 -0600

    Code files copied from public class repo.

commit 373e95e29988251aa8fcaa91c36f656f5386d687
Author: tfsyed <fatima.tehreem@gmail.com>
Date:   Thu Jan 29 23:33:34 2015 -0600

    Initial commit
